<?xml version="1.0" encoding="UTF-8"?>
<!-- Generated by org.testng.reporters.JUnitReportReporter -->
<testsuite hostname="DESKTOP-5LA3NQ3" failures="0" tests="3" name="testNG.tc2" time="0.022" errors="0" timestamp="2023-05-05T13:55:35 IST" skipped="0">
  <testcase classname="testNG.tc2" name="employee" time="0.002"/>
  <system-out/>
  <testcase classname="testNG.tc2" name="employee" time="0.003"/>
  <system-out/>
  <testcase classname="testNG.tc2" name="employee" time="0.017"/>
  <system-out/>
</testsuite> <!-- testNG.tc2 -->
