<?xml version="1.0" encoding="UTF-8"?>
<!-- Generated by org.testng.reporters.JUnitReportReporter -->
<testsuite hostname="DESKTOP-5LA3NQ3" failures="0" tests="1" name="shivamAppiumPractice.AppiumLongPress" time="7.908" errors="0" timestamp="2022-09-12T04:41:15 GMT-04:00" skipped="0">
  <testcase classname="shivamAppiumPractice.AppiumLongPress" name="LongPress" time="7.908"/>
  <system-out/>
</testsuite> <!-- shivamAppiumPractice.AppiumLongPress -->
