<?xml version="1.0" encoding="UTF-8"?>
<!-- Generated by org.testng.reporters.JUnitReportReporter -->
<testsuite hostname="DESKTOP-5LA3NQ3" failures="0" tests="1" name="shivamAppiumPractice.AppiumScroll" time="27.571" errors="0" timestamp="2022-09-12T11:32:03 GMT-04:00" skipped="0">
  <testcase classname="shivamAppiumPractice.AppiumScroll" name="ScrollView" time="27.571"/>
  <system-out/>
</testsuite> <!-- shivamAppiumPractice.AppiumScroll -->
