<?xml version="1.0" encoding="UTF-8"?>
<!-- Generated by org.testng.reporters.JUnitReportReporter -->
<testsuite hostname="DESKTOP-5LA3NQ3" failures="0" tests="1" name="shivamAppiumPractice.AppiumExercise" time="6.176" errors="0" timestamp="2022-09-18T07:35:19 GMT-04:00" skipped="0">
  <testcase classname="shivamAppiumPractice.AppiumExercise" name="Exercise" time="6.176"/>
  <system-out/>
</testsuite> <!-- shivamAppiumPractice.AppiumExercise -->
