<?xml version="1.0" encoding="UTF-8"?>
<!-- Generated by org.testng.reporters.JUnitReportReporter -->
<testsuite hostname="DESKTOP-5LA3NQ3" failures="0" tests="1" name="shivamAppiumPractice.AppiumMiscllanous" time="11.140" errors="0" timestamp="2022-09-15T12:02:08 GMT-04:00" skipped="0">
  <testcase classname="shivamAppiumPractice.AppiumMiscllanous" name="AppiumTest" time="11.140"/>
  <system-out/>
</testsuite> <!-- shivamAppiumPractice.AppiumMiscllanous -->
