<?xml version="1.0" encoding="UTF-8"?>
<!-- Generated by org.testng.reporters.JUnitReportReporter -->
<testsuite hostname="DESKTOP-5LA3NQ3" failures="0" tests="1" name="shivamAppiumPractice.AppiumBasics" time="5.923" errors="0" timestamp="2022-09-11T12:05:27 GMT-04:00" skipped="0">
  <testcase classname="shivamAppiumPractice.AppiumBasics" name="AppiumTest" time="5.923"/>
  <system-out/>
</testsuite> <!-- shivamAppiumPractice.AppiumBasics -->
