<?xml version="1.0" encoding="UTF-8"?>
<!-- Generated by org.testng.reporters.JUnitReportReporter -->
<testsuite hostname="DESKTOP-5LA3NQ3" failures="0" tests="1" name="shivamAppiumPractice.AppiumDrangnDrop" time="5.845" errors="0" timestamp="2022-09-14T16:37:55 GMT-04:00" skipped="0">
  <testcase classname="shivamAppiumPractice.AppiumDrangnDrop" name="dragnDropActions" time="5.845"/>
  <system-out/>
</testsuite> <!-- shivamAppiumPractice.AppiumDrangnDrop -->
