<?xml version="1.0" encoding="UTF-8"?>
<!-- Generated by org.testng.reporters.JUnitReportReporter -->
<testsuite hostname="DESKTOP-5LA3NQ3" failures="0" tests="1" name="shivamAppiumPractice.AppiumSwipe" time="5.630" errors="0" timestamp="2022-09-12T12:15:23 GMT-04:00" skipped="0">
  <testcase classname="shivamAppiumPractice.AppiumSwipe" name="SwipeActions" time="5.630"/>
  <system-out/>
</testsuite> <!-- shivamAppiumPractice.AppiumSwipe -->
