<?xml version="1.0" encoding="UTF-8"?>
<!-- Generated by org.testng.reporters.JUnitReportReporter -->
<testsuite hostname="DESKTOP-5LA3NQ3" failures="0" tests="1" name="shivamAppiumPractice.eCommerce_tc2" time="25.982" errors="0" timestamp="2022-09-20T04:13:40 GMT-04:00" skipped="0">
  <testcase classname="shivamAppiumPractice.eCommerce_tc2" name="fillForm" time="25.982"/>
  <system-out/>
</testsuite> <!-- shivamAppiumPractice.eCommerce_tc2 -->
