<?xml version="1.0" encoding="UTF-8"?>
<!-- Generated by org.testng.reporters.JUnitReportReporter -->
<testsuite hostname="DESKTOP-5LA3NQ3" failures="0" tests="5" name="testNG.tc_1" time="0.026" errors="0" timestamp="2023-05-05T13:42:20 IST" skipped="1">
  <testcase classname="testNG.tc_1" name="login" time="0.010"/>
  <system-out/>
  <testcase classname="testNG.tc_1" name="login" time="0.007"/>
  <system-out/>
  <testcase classname="testNG.tc_1" name="login" time="0.004"/>
  <system-out/>
  <testcase classname="testNG.tc_1" name="homePage" time="0.005"/>
  <system-out/>
  <testcase classname="testNG.tc_1" name="reverseString">
    <skipped/>
  </testcase> <!-- reverseString -->
  <system-out/>
</testsuite> <!-- testNG.tc_1 -->
